# JRE version: OpenJDK Runtime Environment (7.0_95) (build 1.7.0_95-b00)
# Java VM: OpenJDK 64-Bit Server VM (24.95-b01 mixed mode linux-amd64 compressed oops)
Heap
 PSYoungGen      total 453120K, used 38100K [0x00000007d6880000, 0x0000000800000000, 0x0000000800000000)
  eden space 226816K, 0% used [0x00000007d6880000,0x00000007d6880000,0x00000007e4600000)
  from space 226304K, 16% used [0x00000007e4600000,0x00000007e6b35108,0x00000007f2300000)
  to   space 226304K, 0% used [0x00000007f2300000,0x00000007f2300000,0x0000000800000000)
 ParOldGen       total 1083904K, used 1083403K [0x0000000783a00000, 0x00000007c5c80000, 0x00000007d6880000)
  object space 1083904K, 99% used [0x0000000783a00000,0x00000007c5c02df8,0x00000007c5c80000)
 PSPermGen       total 21504K, used 11059K [0x0000000779400000, 0x000000077a900000, 0x0000000783a00000)
  object space 21504K, 51% used [0x0000000779400000,0x0000000779ecccb0,0x000000077a900000)
GC Heap History (10 events):
Event: 714.007 GC heap after
Heap after GC invocations=251 (full 7):
 PSYoungGen      total 453120K, used 184782K [0x00000007d6880000, 0x0000000800000000, 0x0000000800000000)
  eden space 226816K, 0% used [0x00000007d6880000,0x00000007d6880000,0x00000007e4600000)
  from space 226304K, 81% used [0x00000007f2300000,0x00000007fd7738f8,0x0000000800000000)
  to   space 226304K, 0% used [0x00000007e4600000,0x00000007e4600000,0x00000007f2300000)
 ParOldGen       total 885760K, used 766618K [0x0000000783a00000, 0x00000007b9b00000, 0x00000007d6880000)
  object space 885760K, 86% used [0x0000000783a00000,0x00000007b26a6890,0x00000007b9b00000)
 PSPermGen       total 21504K, used 11059K [0x0000000779400000, 0x000000077a900000, 0x0000000783a00000)
  object space 21504K, 51% used [0x0000000779400000,0x0000000779ecccb0,0x000000077a900000)
}
Event: 714.283 GC heap before
{Heap before GC invocations=252 (full 7):
 PSYoungGen      total 453120K, used 411598K [0x00000007d6880000, 0x0000000800000000, 0x0000000800000000)
  eden space 226816K, 100% used [0x00000007d6880000,0x00000007e4600000,0x00000007e4600000)
  from space 226304K, 81% used [0x00000007f2300000,0x00000007fd7738f8,0x0000000800000000)
  to   space 226304K, 0% used [0x00000007e4600000,0x00000007e4600000,0x00000007f2300000)
 ParOldGen       total 885760K, used 766618K [0x0000000783a00000, 0x00000007b9b00000, 0x00000007d6880000)
  object space 885760K, 86% used [0x0000000783a00000,0x00000007b26a6890,0x00000007b9b00000)
 PSPermGen       total 21504K, used 11059K [0x0000000779400000, 0x000000077a900000, 0x0000000783a00000)
  object space 21504K, 51% used [0x0000000779400000,0x0000000779ecccb0,0x000000077a900000)
Event: 715.736 GC heap after
Heap after GC invocations=252 (full 7):
 PSYoungGen      total 453120K, used 200065K [0x00000007d6880000, 0x0000000800000000, 0x0000000800000000)
  eden space 226816K, 0% used [0x00000007d6880000,0x00000007d6880000,0x00000007e4600000)
  from space 226304K, 88% used [0x00000007e4600000,0x00000007f09607f8,0x00000007f2300000)
  to   space 226304K, 0% used [0x00000007f2300000,0x00000007f2300000,0x0000000800000000)
 ParOldGen       total 885760K, used 810912K [0x0000000783a00000, 0x00000007b9b00000, 0x00000007d6880000)
  object space 885760K, 91% used [0x0000000783a00000,0x00000007b51e8230,0x00000007b9b00000)
 PSPermGen       total 21504K, used 11059K [0x0000000779400000, 0x000000077a900000, 0x0000000783a00000)
  object space 21504K, 51% used [0x0000000779400000,0x0000000779ecccb0,0x000000077a900000)
}
Event: 715.736 GC heap before
{Heap before GC invocations=253 (full 8):
 PSYoungGen      total 453120K, used 200065K [0x00000007d6880000, 0x0000000800000000, 0x0000000800000000)
  eden space 226816K, 0% used [0x00000007d6880000,0x00000007d6880000,0x00000007e4600000)
  from space 226304K, 88% used [0x00000007e4600000,0x00000007f09607f8,0x00000007f2300000)
  to   space 226304K, 0% used [0x00000007f2300000,0x00000007f2300000,0x0000000800000000)
 ParOldGen       total 885760K, used 810912K [0x0000000783a00000, 0x00000007b9b00000, 0x00000007d6880000)
  object space 885760K, 91% used [0x0000000783a00000,0x00000007b51e8230,0x00000007b9b00000)
 PSPermGen       total 21504K, used 11059K [0x0000000779400000, 0x000000077a900000, 0x0000000783a00000)
  object space 21504K, 51% used [0x0000000779400000,0x0000000779ecccb0,0x000000077a900000)
Event: 722.606 GC heap after
Heap after GC invocations=253 (full 8):
 PSYoungGen      total 453120K, used 119906K [0x00000007d6880000, 0x0000000800000000, 0x0000000800000000)
  eden space 226816K, 0% used [0x00000007d6880000,0x00000007d6880000,0x00000007e4600000)
  from space 226304K, 52% used [0x00000007e4600000,0x00000007ebb18aa8,0x00000007f2300000)
  to   space 226304K, 0% used [0x00000007f2300000,0x00000007f2300000,0x0000000800000000)
 ParOldGen       total 1083904K, used 885753K [0x0000000783a00000, 0x00000007c5c80000, 0x00000007d6880000)
  object space 1083904K, 81% used [0x0000000783a00000,0x00000007b9afe798,0x00000007c5c80000)
 PSPermGen       total 21504K, used 11059K [0x0000000779400000, 0x000000077a900000, 0x0000000783a00000)
  object space 21504K, 51% used [0x0000000779400000,0x0000000779ecccb0,0x000000077a900000)
}
Event: 722.895 GC heap before
{Heap before GC invocations=254 (full 8):
 PSYoungGen      total 453120K, used 346722K [0x00000007d6880000, 0x0000000800000000, 0x0000000800000000)
  eden space 226816K, 100% used [0x00000007d6880000,0x00000007e4600000,0x00000007e4600000)
  from space 226304K, 52% used [0x00000007e4600000,0x00000007ebb18aa8,0x00000007f2300000)
  to   space 226304K, 0% used [0x00000007f2300000,0x00000007f2300000,0x0000000800000000)
 ParOldGen       total 1083904K, used 885753K [0x0000000783a00000, 0x00000007c5c80000, 0x00000007d6880000)
  object space 1083904K, 81% used [0x0000000783a00000,0x00000007b9afe798,0x00000007c5c80000)
 PSPermGen       total 21504K, used 11059K [0x0000000779400000, 0x000000077a900000, 0x0000000783a00000)
  object space 21504K, 51% used [0x0000000779400000,0x0000000779ecccb0,0x000000077a900000)
Event: 724.391 GC heap after
Heap after GC invocations=254 (full 8):
 PSYoungGen      total 453120K, used 122752K [0x00000007d6880000, 0x0000000800000000, 0x0000000800000000)
  eden space 226816K, 0% used [0x00000007d6880000,0x00000007d6880000,0x00000007e4600000)
  from space 226304K, 54% used [0x00000007f2300000,0x00000007f9ae02c8,0x0000000800000000)
  to   space 226304K, 0% used [0x00000007e4600000,0x00000007e4600000,0x00000007f2300000)
 ParOldGen       total 1083904K, used 941835K [0x0000000783a00000, 0x00000007c5c80000, 0x00000007d6880000)
  object space 1083904K, 86% used [0x0000000783a00000,0x00000007bd1c2cb8,0x00000007c5c80000)
 PSPermGen       total 21504K, used 11059K [0x0000000779400000, 0x000000077a900000, 0x0000000783a00000)
  object space 21504K, 51% used [0x0000000779400000,0x0000000779ecccb0,0x000000077a900000)
}
Event: 724.733 GC heap before
{Heap before GC invocations=255 (full 8):
 PSYoungGen      total 453120K, used 349568K [0x00000007d6880000, 0x0000000800000000, 0x0000000800000000)
  eden space 226816K, 100% used [0x00000007d6880000,0x00000007e4600000,0x00000007e4600000)
  from space 226304K, 54% used [0x00000007f2300000,0x00000007f9ae02c8,0x0000000800000000)
  to   space 226304K, 0% used [0x00000007e4600000,0x00000007e4600000,0x00000007f2300000)
 ParOldGen       total 1083904K, used 941835K [0x0000000783a00000, 0x00000007c5c80000, 0x00000007d6880000)
  object space 1083904K, 86% used [0x0000000783a00000,0x00000007bd1c2cb8,0x00000007c5c80000)
 PSPermGen       total 21504K, used 11059K [0x0000000779400000, 0x000000077a900000, 0x0000000783a00000)
  object space 21504K, 51% used [0x0000000779400000,0x0000000779ecccb0,0x000000077a900000)
Event: 725.945 GC heap after
Heap after GC invocations=255 (full 8):
 PSYoungGen      total 453120K, used 116509K [0x00000007d6880000, 0x0000000800000000, 0x0000000800000000)
  eden space 226816K, 0% used [0x00000007d6880000,0x00000007d6880000,0x00000007e4600000)
  from space 226304K, 51% used [0x00000007e4600000,0x00000007eb7c7730,0x00000007f2300000)
  to   space 226304K, 0% used [0x00000007f2300000,0x00000007f2300000,0x0000000800000000)
 ParOldGen       total 1083904K, used 1006365K [0x0000000783a00000, 0x00000007c5c80000, 0x00000007d6880000)
  object space 1083904K, 92% used [0x0000000783a00000,0x00000007c10c7628,0x00000007c5c80000)
 PSPermGen       total 21504K, used 11059K [0x0000000779400000, 0x000000077a900000, 0x0000000783a00000)
  object space 21504K, 51% used [0x0000000779400000,0x0000000779ecccb0,0x000000077a900000)
}
Event: 725.945 GC heap before
{Heap before GC invocations=256 (full 9):
 PSYoungGen      total 453120K, used 116509K [0x00000007d6880000, 0x0000000800000000, 0x0000000800000000)
  eden space 226816K, 0% used [0x00000007d6880000,0x00000007d6880000,0x00000007e4600000)
  from space 226304K, 51% used [0x00000007e4600000,0x00000007eb7c7730,0x00000007f2300000)
  to   space 226304K, 0% used [0x00000007f2300000,0x00000007f2300000,0x0000000800000000)
 ParOldGen       total 1083904K, used 1006365K [0x0000000783a00000, 0x00000007c5c80000, 0x00000007d6880000)
  object space 1083904K, 92% used [0x0000000783a00000,0x00000007c10c7628,0x00000007c5c80000)
 PSPermGen       total 21504K, used 11059K [0x0000000779400000, 0x000000077a900000, 0x0000000783a00000)
  object space 21504K, 51% used [0x0000000779400000,0x0000000779ecccb0,0x000000077a900000)

